<?xml version="1.0" encoding="UTF-8"?>
<!-- Generated by org.testng.reporters.JUnitReportReporter -->
<testsuite hostname="DESKTOP-V61CB0K" failures="0" tests="1" name="testCases.TC018_OffersAddTest" time="4.798" errors="0" timestamp="2025-04-27T12:19:37 GMT+06:00" skipped="0">
  <testcase classname="testCases.TC018_OffersAddTest" name="addOffers" time="4.798"/>
</testsuite> <!-- testCases.TC018_OffersAddTest -->
