<?xml version="1.0" encoding="UTF-8"?>
<!-- Generated by org.testng.reporters.JUnitReportReporter -->
<testsuite hostname="DESKTOP-V61CB0K" failures="0" tests="1" name="testCases.TC010_POSTest" time="4.860" errors="0" timestamp="2025-04-22T17:51:25 GMT+06:00" skipped="0">
  <testcase classname="testCases.TC010_POSTest" name="pos" time="4.860"/>
</testsuite> <!-- testCases.TC010_POSTest -->
