<?xml version="1.0" encoding="UTF-8"?>
<!-- Generated by org.testng.reporters.JUnitReportReporter -->
<testsuite hostname="DESKTOP-V61CB0K" failures="0" tests="1" name="testCases.TC006_MyOrdersTest" time="8.130" errors="0" timestamp="2025-04-22T16:32:39 GMT+06:00" skipped="0">
  <testcase classname="testCases.TC006_MyOrdersTest" name="myOrders" time="8.130"/>
</testsuite> <!-- testCases.TC006_MyOrdersTest -->
