<?xml version="1.0" encoding="UTF-8"?>
<!-- Generated by org.testng.reporters.JUnitReportReporter -->
<testsuite hostname="DESKTOP-V61CB0K" failures="0" tests="1" name="testCases.TC008_EditProfileTest" time="7.344" errors="0" timestamp="2025-04-06T11:42:05 GMT+06:00" skipped="0">
  <testcase classname="testCases.TC008_EditProfileTest" name="editProfile" time="7.344"/>
</testsuite> <!-- testCases.TC008_EditProfileTest -->
