<?xml version="1.0" encoding="UTF-8"?>
<!-- Generated by org.testng.reporters.JUnitReportReporter -->
<testsuite hostname="DESKTOP-V61CB0K" failures="0" tests="1" name="testCases.TC021_AdministratorsAddTest" time="3.286" errors="0" timestamp="2025-02-23T17:37:05 GMT+06:00" skipped="0">
  <testcase classname="testCases.TC021_AdministratorsAddTest" name="administratorsAdd" time="3.286"/>
</testsuite> <!-- testCases.TC021_AdministratorsAddTest -->
