<?xml version="1.0" encoding="UTF-8"?>
<!-- Generated by org.testng.reporters.JUnitReportReporter -->
<testsuite hostname="DESKTOP-V61CB0K" failures="0" tests="1" name="testCases.TC013_OnlineOrdersTest" time="13.601" errors="0" timestamp="2025-04-23T13:14:22 GMT+06:00" skipped="0">
  <testcase classname="testCases.TC013_OnlineOrdersTest" name="onlineOrders" time="13.601"/>
</testsuite> <!-- testCases.TC013_OnlineOrdersTest -->
