<?xml version="1.0" encoding="UTF-8"?>
<!-- Generated by org.testng.reporters.JUnitReportReporter -->
<testsuite hostname="DESKTOP-V61CB0K" failures="0" tests="1" name="testCases.TC005_ProceedToCheckoutTest" time="6.633" errors="0" timestamp="2025-04-21T18:15:00 GMT+06:00" skipped="0">
  <testcase classname="testCases.TC005_ProceedToCheckoutTest" name="checkOut" time="6.633"/>
</testsuite> <!-- testCases.TC005_ProceedToCheckoutTest -->
