<?xml version="1.0" encoding="UTF-8"?>
<!-- Generated by org.testng.reporters.JUnitReportReporter -->
<testsuite hostname="DESKTOP-V61CB0K" failures="0" tests="1" name="testCases.TC011_POSOrdersTest" time="9.122" errors="0" timestamp="2025-04-06T16:56:32 GMT+06:00" skipped="0">
  <testcase classname="testCases.TC011_POSOrdersTest" name="posOrders" time="9.122"/>
</testsuite> <!-- testCases.TC011_POSOrdersTest -->
