<?xml version="1.0" encoding="UTF-8"?>
<!-- Generated by org.testng.reporters.JUnitReportReporter -->
<testsuite hostname="DESKTOP-V61CB0K" failures="0" tests="1" name="testCases.TC006_MyOrdersTest" time="2.658" errors="0" timestamp="2025-03-27T12:20:40 GMT+06:00" skipped="0">
  <testcase classname="testCases.TC006_MyOrdersTest" name="myOrders" time="2.658"/>
</testsuite> <!-- testCases.TC006_MyOrdersTest -->
