<?xml version="1.0" encoding="UTF-8"?>
<!-- Generated by org.testng.reporters.JUnitReportReporter -->
<testsuite hostname="DESKTOP-V61CB0K" failures="0" tests="1" name="testCases.TC012_DeletePOSOrdersTest" time="3.359" errors="0" timestamp="2025-04-06T17:07:37 GMT+06:00" skipped="0">
  <testcase classname="testCases.TC012_DeletePOSOrdersTest" name="deletePosOrders" time="3.359"/>
</testsuite> <!-- testCases.TC012_DeletePOSOrdersTest -->
