<?xml version="1.0" encoding="UTF-8"?>
<!-- Generated by org.testng.reporters.JUnitReportReporter -->
<testsuite hostname="DESKTOP-V61CB0K" failures="0" tests="1" name="testCases.TC002_LoginTest" time="2.292" errors="0" timestamp="2025-03-26T14:27:53 GMT+06:00" skipped="0">
  <testcase classname="testCases.TC002_LoginTest" name="login" time="2.292"/>
</testsuite> <!-- testCases.TC002_LoginTest -->
