<?xml version="1.0" encoding="UTF-8"?>
<!-- Generated by org.testng.reporters.JUnitReportReporter -->
<testsuite hostname="DESKTOP-V61CB0K" failures="0" tests="1" name="testCases.TC011_POSOrdersTest" time="8.855" errors="0" timestamp="2025-04-24T16:05:45 GMT+06:00" skipped="0">
  <testcase classname="testCases.TC011_POSOrdersTest" name="posOrders" time="8.855"/>
</testsuite> <!-- testCases.TC011_POSOrdersTest -->
