<?xml version="1.0" encoding="UTF-8"?>
<!-- Generated by org.testng.reporters.JUnitReportReporter -->
<testsuite hostname="DESKTOP-V61CB0K" failures="0" tests="1" name="testCases.TC007_PaymentGatewayTest" time="11.411" errors="0" timestamp="2025-04-24T16:02:45 GMT+06:00" skipped="0">
  <testcase classname="testCases.TC007_PaymentGatewayTest" name="payNow" time="11.411"/>
</testsuite> <!-- testCases.TC007_PaymentGatewayTest -->
