<?xml version="1.0" encoding="UTF-8"?>
<!-- Generated by org.testng.reporters.JUnitReportReporter -->
<testsuite hostname="DESKTOP-V61CB0K" failures="0" tests="1" name="testCases.TC004_AddItemsToCartTest" time="10.701" errors="0" timestamp="2025-03-26T15:07:17 GMT+06:00" skipped="0">
  <testcase classname="testCases.TC004_AddItemsToCartTest" name="addItems" time="10.701"/>
</testsuite> <!-- testCases.TC004_AddItemsToCartTest -->
