<?xml version="1.0" encoding="UTF-8"?>
<!-- Generated by org.testng.reporters.JUnitReportReporter -->
<testsuite hostname="DESKTOP-V61CB0K" failures="0" tests="1" name="testCases.TC006_MyOrdersTest" time="7.590" errors="0" timestamp="2025-04-06T11:34:51 GMT+06:00" skipped="0">
  <testcase classname="testCases.TC006_MyOrdersTest" name="myOrders" time="7.590"/>
</testsuite> <!-- testCases.TC006_MyOrdersTest -->
