<?xml version="1.0" encoding="UTF-8"?>
<!-- Generated by org.testng.reporters.JUnitReportReporter -->
<testsuite hostname="DESKTOP-V61CB0K" failures="0" tests="1" name="testCases.TC005_ProceedToCheckoutTest" time="7.177" errors="0" timestamp="2025-04-07T10:31:25 GMT+06:00" skipped="0">
  <testcase classname="testCases.TC005_ProceedToCheckoutTest" name="checkOut" time="7.177"/>
</testsuite> <!-- testCases.TC005_ProceedToCheckoutTest -->
