<?xml version="1.0" encoding="UTF-8"?>
<!-- Generated by org.testng.reporters.JUnitReportReporter -->
<testsuite hostname="DESKTOP-V61CB0K" failures="0" tests="1" name="testCases.TC002_LoginTest" time="2.171" errors="0" timestamp="2025-04-22T17:02:37 GMT+06:00" skipped="0">
  <testcase classname="testCases.TC002_LoginTest" name="login" time="2.171"/>
</testsuite> <!-- testCases.TC002_LoginTest -->
