<?xml version="1.0" encoding="UTF-8"?>
<!-- Generated by org.testng.reporters.JUnitReportReporter -->
<testsuite hostname="DESKTOP-V61CB0K" failures="0" tests="1" name="testCases.TC017_CouponDeleteTest" time="3.463" errors="0" timestamp="2025-04-24T10:50:27 GMT+06:00" skipped="0">
  <testcase classname="testCases.TC017_CouponDeleteTest" name="deleteCoupons" time="3.463"/>
</testsuite> <!-- testCases.TC017_CouponDeleteTest -->
