<?xml version="1.0" encoding="UTF-8"?>
<!-- Generated by org.testng.reporters.JUnitReportReporter -->
<testsuite hostname="DESKTOP-V61CB0K" failures="0" tests="1" name="testCases.TC015_CouponsAddTest" time="4.740" errors="0" timestamp="2025-04-23T16:37:53 GMT+06:00" skipped="0">
  <testcase classname="testCases.TC015_CouponsAddTest" name="addCoupons" time="4.740"/>
</testsuite> <!-- testCases.TC015_CouponsAddTest -->
