<?xml version="1.0" encoding="UTF-8"?>
<!-- Generated by org.testng.reporters.JUnitReportReporter -->
<testsuite hostname="DESKTOP-V61CB0K" failures="0" tests="1" name="testCases.TC001_AccountRegistrationTest" time="11.414" errors="0" timestamp="2025-04-24T16:39:16 GMT+06:00" skipped="0">
  <testcase classname="testCases.TC001_AccountRegistrationTest" name="registrationOnAccount" time="11.414"/>
</testsuite> <!-- testCases.TC001_AccountRegistrationTest -->
