<?xml version="1.0" encoding="UTF-8"?>
<!-- Generated by org.testng.reporters.JUnitReportReporter -->
<testsuite hostname="DESKTOP-V61CB0K" failures="0" tests="1" name="testCases.TC016_CouponsEditTest" time="8.949" errors="0" timestamp="2025-04-23T16:38:25 GMT+06:00" skipped="0">
  <testcase classname="testCases.TC016_CouponsEditTest" name="editCoupons" time="8.949"/>
</testsuite> <!-- testCases.TC016_CouponsEditTest -->
