<?xml version="1.0" encoding="UTF-8"?>
<!-- Generated by org.testng.reporters.JUnitReportReporter -->
<testsuite hostname="DESKTOP-V61CB0K" failures="0" tests="1" name="testCases.TC022_AdministratorsEditTest" time="7.428" errors="0" timestamp="2025-03-17T15:44:20 GMT+06:00" skipped="0">
  <testcase classname="testCases.TC022_AdministratorsEditTest" name="administratorsedit" time="7.428"/>
</testsuite> <!-- testCases.TC022_AdministratorsEditTest -->
