<?xml version="1.0" encoding="UTF-8"?>
<!-- Generated by org.testng.reporters.JUnitReportReporter -->
<testsuite hostname="DESKTOP-V61CB0K" failures="0" tests="1" name="testCases.TC003_SearchItemsTest" time="5.392" errors="0" timestamp="2025-03-25T16:04:41 GMT+06:00" skipped="0">
  <testcase classname="testCases.TC003_SearchItemsTest" name="search" time="5.392"/>
</testsuite> <!-- testCases.TC003_SearchItemsTest -->
