<?xml version="1.0" encoding="UTF-8"?>
<!-- Generated by org.testng.reporters.JUnitReportReporter -->
<testsuite hostname="DESKTOP-V61CB0K" failures="0" tests="1" name="testCases.TC005_ProceedToCheckoutTest" time="6.767" errors="0" timestamp="2025-03-27T15:27:34 GMT+06:00" skipped="0">
  <testcase classname="testCases.TC005_ProceedToCheckoutTest" name="checkOut" time="6.767"/>
</testsuite> <!-- testCases.TC005_ProceedToCheckoutTest -->
