<?xml version="1.0" encoding="UTF-8"?>
<!-- Generated by org.testng.reporters.JUnitReportReporter -->
<testsuite hostname="DESKTOP-V61CB0K" failures="0" tests="1" name="testCases.TC020_OffersDeleteTest" time="3.690" errors="0" timestamp="2025-04-27T12:20:41 GMT+06:00" skipped="0">
  <testcase classname="testCases.TC020_OffersDeleteTest" name="offersDelete" time="3.690"/>
</testsuite> <!-- testCases.TC020_OffersDeleteTest -->
