<?xml version="1.0" encoding="UTF-8"?>
<!-- Generated by org.testng.reporters.JUnitReportReporter -->
<testsuite hostname="DESKTOP-V61CB0K" failures="0" tests="1" name="testCases.TC019_OffersEditTest" time="4.305" errors="0" timestamp="2025-04-27T12:20:02 GMT+06:00" skipped="0">
  <testcase classname="testCases.TC019_OffersEditTest" name="addOffers" time="4.305"/>
</testsuite> <!-- testCases.TC019_OffersEditTest -->
